# JRE version: Java(TM) SE Runtime Environment (8.0-b132) (build 1.8.0-b132)
# Java VM: Java HotSpot(TM) 64-Bit Server VM (25.0-b70 mixed mode bsd-amd64 compressed oops)
Heap:
 PSYoungGen      total 141312K, used 111558K [0x00000007aab00000, 0x00000007b6480000, 0x00000007c0000000)
  eden space 105472K, 100% used [0x00000007aab00000,0x00000007b1200000,0x00000007b1200000)
  from space 35840K, 16% used [0x00000007b1200000,0x00000007b17f18f0,0x00000007b3500000)
  to   space 39424K, 0% used [0x00000007b3e00000,0x00000007b3e00000,0x00000007b6480000)
 ParOldGen       total 73728K, used 73657K [0x0000000780000000, 0x0000000784800000, 0x00000007aab00000)
  object space 73728K, 99% used [0x0000000780000000,0x00000007847ee410,0x0000000784800000)
 Metaspace       used 63361K, capacity 67357K, committed 67712K, reserved 1105920K
  class space    used 8813K, capacity 10296K, committed 10368K, reserved 1048576K
GC Heap History (10 events):
Event: 843.384 GC heap after
Heap after GC invocations=36 (full 8):
 PSYoungGen      total 128000K, used 16189K [0x00000007aab00000, 0x00000007b4800000, 0x00000007c0000000)
  eden space 105984K, 15% used [0x00000007aab00000,0x00000007abacf4b8,0x00000007b1280000)
  from space 22016K, 0% used [0x00000007b2b80000,0x00000007b2b80000,0x00000007b4100000)
  to   space 25600K, 0% used [0x00000007b1280000,0x00000007b1280000,0x00000007b2b80000)
 ParOldGen       total 73728K, used 53168K [0x0000000780000000, 0x0000000784800000, 0x00000007aab00000)
  object space 73728K, 72% used [0x0000000780000000,0x00000007833ec078,0x0000000784800000)
 Metaspace       used 55725K, capacity 58798K, committed 59008K, reserved 1099776K
  class space    used 7672K, capacity 8825K, committed 8832K, reserved 1048576K
}
Event: 844.619 GC heap before
{Heap before GC invocations=37 (full 8):
 PSYoungGen      total 128000K, used 105984K [0x00000007aab00000, 0x00000007b4800000, 0x00000007c0000000)
  eden space 105984K, 100% used [0x00000007aab00000,0x00000007b1280000,0x00000007b1280000)
  from space 22016K, 0% used [0x00000007b2b80000,0x00000007b2b80000,0x00000007b4100000)
  to   space 25600K, 0% used [0x00000007b1280000,0x00000007b1280000,0x00000007b2b80000)
 ParOldGen       total 73728K, used 53168K [0x0000000780000000, 0x0000000784800000, 0x00000007aab00000)
  object space 73728K, 72% used [0x0000000780000000,0x00000007833ec078,0x0000000784800000)
 Metaspace       used 58059K, capacity 61416K, committed 61696K, reserved 1101824K
  class space    used 8079K, capacity 9349K, committed 9472K, reserved 1048576K
Event: 844.709 GC heap after
Heap after GC invocations=37 (full 8):
 PSYoungGen      total 131584K, used 25187K [0x00000007aab00000, 0x00000007b5280000, 0x00000007c0000000)
  eden space 105984K, 0% used [0x00000007aab00000,0x00000007aab00000,0x00000007b1280000)
  from space 25600K, 98% used [0x00000007b1280000,0x00000007b2b18da0,0x00000007b2b80000)
  to   space 30208K, 0% used [0x00000007b3500000,0x00000007b3500000,0x00000007b5280000)
 ParOldGen       total 73728K, used 53176K [0x0000000780000000, 0x0000000784800000, 0x00000007aab00000)
  object space 73728K, 72% used [0x0000000780000000,0x00000007833ee078,0x0000000784800000)
 Metaspace       used 58059K, capacity 61416K, committed 61696K, reserved 1101824K
  class space    used 8079K, capacity 9349K, committed 9472K, reserved 1048576K
}
Event: 848.839 GC heap before
{Heap before GC invocations=38 (full 8):
 PSYoungGen      total 131584K, used 131171K [0x00000007aab00000, 0x00000007b5280000, 0x00000007c0000000)
  eden space 105984K, 100% used [0x00000007aab00000,0x00000007b1280000,0x00000007b1280000)
  from space 25600K, 98% used [0x00000007b1280000,0x00000007b2b18da0,0x00000007b2b80000)
  to   space 30208K, 0% used [0x00000007b3500000,0x00000007b3500000,0x00000007b5280000)
 ParOldGen       total 73728K, used 53176K [0x0000000780000000, 0x0000000784800000, 0x00000007aab00000)
  object space 73728K, 72% used [0x0000000780000000,0x00000007833ee078,0x0000000784800000)
 Metaspace       used 60702K, capacity 64365K, committed 64640K, reserved 1103872K
  class space    used 8502K, capacity 9808K, committed 9856K, reserved 1048576K
Event: 848.921 GC heap after
Heap after GC invocations=38 (full 8):
 PSYoungGen      total 135680K, used 30193K [0x00000007aab00000, 0x00000007b5d80000, 0x00000007c0000000)
  eden space 105472K, 0% used [0x00000007aab00000,0x00000007aab00000,0x00000007b1200000)
  from space 30208K, 99% used [0x00000007b3500000,0x00000007b527c618,0x00000007b5280000)
  to   space 35840K, 0% used [0x00000007b1200000,0x00000007b1200000,0x00000007b3500000)
 ParOldGen       total 73728K, used 54383K [0x0000000780000000, 0x0000000784800000, 0x00000007aab00000)
  object space 73728K, 73% used [0x0000000780000000,0x000000078351bc18,0x0000000784800000)
 Metaspace       used 60702K, capacity 64365K, committed 64640K, reserved 1103872K
  class space    used 8502K, capacity 9808K, committed 9856K, reserved 1048576K
}
Event: 848.927 GC heap before
{Heap before GC invocations=39 (full 8):
 PSYoungGen      total 135680K, used 32538K [0x00000007aab00000, 0x00000007b5d80000, 0x00000007c0000000)
  eden space 105472K, 2% used [0x00000007aab00000,0x00000007aad4a5c8,0x00000007b1200000)
  from space 30208K, 99% used [0x00000007b3500000,0x00000007b527c618,0x00000007b5280000)
  to   space 35840K, 0% used [0x00000007b1200000,0x00000007b1200000,0x00000007b3500000)
 ParOldGen       total 73728K, used 54383K [0x0000000780000000, 0x0000000784800000, 0x00000007aab00000)
  object space 73728K, 73% used [0x0000000780000000,0x000000078351bc18,0x0000000784800000)
 Metaspace       used 60702K, capacity 64365K, committed 64640K, reserved 1103872K
  class space    used 8502K, capacity 9808K, committed 9856K, reserved 1048576K
Event: 848.993 GC heap after
Heap after GC invocations=39 (full 8):
 PSYoungGen      total 141312K, used 28242K [0x00000007aab00000, 0x00000007b6480000, 0x00000007c0000000)
  eden space 105472K, 0% used [0x00000007aab00000,0x00000007aab00000,0x00000007b1200000)
  from space 35840K, 78% used [0x00000007b1200000,0x00000007b2d94820,0x00000007b3500000)
  to   space 39424K, 0% used [0x00000007b3e00000,0x00000007b3e00000,0x00000007b6480000)
 ParOldGen       total 73728K, used 55455K [0x0000000780000000, 0x0000000784800000, 0x00000007aab00000)
  object space 73728K, 75% used [0x0000000780000000,0x0000000783627c18,0x0000000784800000)
 Metaspace       used 60702K, capacity 64365K, committed 64640K, reserved 1103872K
  class space    used 8502K, capacity 9808K, committed 9856K, reserved 1048576K
}
Event: 848.993 GC heap before
{Heap before GC invocations=40 (full 9):
 PSYoungGen      total 141312K, used 28242K [0x00000007aab00000, 0x00000007b6480000, 0x00000007c0000000)
  eden space 105472K, 0% used [0x00000007aab00000,0x00000007aab00000,0x00000007b1200000)
  from space 35840K, 78% used [0x00000007b1200000,0x00000007b2d94820,0x00000007b3500000)
  to   space 39424K, 0% used [0x00000007b3e00000,0x00000007b3e00000,0x00000007b6480000)
 ParOldGen       total 73728K, used 55455K [0x0000000780000000, 0x0000000784800000, 0x00000007aab00000)
  object space 73728K, 75% used [0x0000000780000000,0x0000000783627c18,0x0000000784800000)
 Metaspace       used 60702K, capacity 64365K, committed 64640K, reserved 1103872K
  class space    used 8502K, capacity 9808K, committed 9856K, reserved 1048576K
Event: 849.910 GC heap after
Heap after GC invocations=40 (full 9):
 PSYoungGen      total 141312K, used 6086K [0x00000007aab00000, 0x00000007b6480000, 0x00000007c0000000)
  eden space 105472K, 0% used [0x00000007aab00000,0x00000007aab00000,0x00000007b1200000)
  from space 35840K, 16% used [0x00000007b1200000,0x00000007b17f18f0,0x00000007b3500000)
  to   space 39424K, 0% used [0x00000007b3e00000,0x00000007b3e00000,0x00000007b6480000)
 ParOldGen       total 73728K, used 73657K [0x0000000780000000, 0x0000000784800000, 0x00000007aab00000)
  object space 73728K, 99% used [0x0000000780000000,0x00000007847ee410,0x0000000784800000)
 Metaspace       used 60669K, capacity 64251K, committed 64640K, reserved 1103872K
  class space    used 8494K, capacity 9774K, committed 9856K, reserved 1048576K
}
Event: 1322.737 GC heap before
{Heap before GC invocations=41 (full 10):
 PSYoungGen      total 141312K, used 111558K [0x00000007aab00000, 0x00000007b6480000, 0x00000007c0000000)
  eden space 105472K, 100% used [0x00000007aab00000,0x00000007b1200000,0x00000007b1200000)
  from space 35840K, 16% used [0x00000007b1200000,0x00000007b17f18f0,0x00000007b3500000)
  to   space 39424K, 0% used [0x00000007b3e00000,0x00000007b3e00000,0x00000007b6480000)
 ParOldGen       total 73728K, used 73657K [0x0000000780000000, 0x0000000784800000, 0x00000007aab00000)
  object space 73728K, 99% used [0x0000000780000000,0x00000007847ee410,0x0000000784800000)
 Metaspace       used 63361K, capacity 67357K, committed 67712K, reserved 1105920K
  class space    used 8813K, capacity 10296K, committed 10368K, reserved 1048576K

